[debug] [2018-07-31T03:38:51.218Z] ----------------------------------------------------------------------
[debug] [2018-07-31T03:38:51.222Z] Command:       /usr/local/bin/node /usr/local/bin/firebase serve
[debug] [2018-07-31T03:38:51.222Z] CLI Version:   4.0.1
[debug] [2018-07-31T03:38:51.222Z] Platform:      darwin
[debug] [2018-07-31T03:38:51.222Z] Node Version:  v10.1.0
[debug] [2018-07-31T03:38:51.223Z] Time:          Mon Jul 30 2018 23:38:51 GMT-0400 (-04)
[debug] [2018-07-31T03:38:51.223Z] ----------------------------------------------------------------------
[debug] 
[debug] [2018-07-31T03:38:51.240Z] > command requires scopes: ["email","openid","https://www.googleapis.com/auth/cloudplatformprojects.readonly","https://www.googleapis.com/auth/firebase","https://www.googleapis.com/auth/cloud-platform"]
[debug] [2018-07-31T03:38:51.240Z] > authorizing via signed-in user
[debug] [2018-07-31T03:38:51.242Z] > refreshing access token with scopes: ["email","https://www.googleapis.com/auth/cloud-platform","https://www.googleapis.com/auth/cloudplatformprojects.readonly","https://www.googleapis.com/auth/firebase","openid"]
[debug] [2018-07-31T03:38:51.242Z] >>> HTTP REQUEST POST https://www.googleapis.com/oauth2/v3/token  
 { refresh_token: '1/NRaOyeRPJpLQGSUYt3IpmCWPlufBzF1JWTg0RDDEOzG_pmNtMYrn_19XeaK6ph9P',
  client_id: '563584335869-fgrhgmd47bqnekij5i8b5pr03ho849e6.apps.googleusercontent.com',
  client_secret: 'j9iVZfS8kkCEFUPaAeJV0sAi',
  grant_type: 'refresh_token',
  scope: 'email https://www.googleapis.com/auth/cloud-platform https://www.googleapis.com/auth/cloudplatformprojects.readonly https://www.googleapis.com/auth/firebase openid' } 
 Mon Jul 30 2018 23:38:51 GMT-0400 (-04)
[debug] [2018-07-31T03:38:51.473Z] <<< HTTP RESPONSE 200
[debug] [2018-07-31T03:38:51.509Z] >>> HTTP REQUEST GET https://admin.firebase.com/v1/projects/final-project-common-core  
  
 Mon Jul 30 2018 23:38:51 GMT-0400 (-04)
[debug] [2018-07-31T03:38:52.659Z] <<< HTTP RESPONSE 200
[debug] [2018-07-31T03:38:52.660Z] >>> HTTP REQUEST GET https://admin.firebase.com/v1/database/final-project-common-core/tokens  
  
 Mon Jul 30 2018 23:38:52 GMT-0400 (-04)
[debug] [2018-07-31T03:38:53.386Z] <<< HTTP RESPONSE 200
[debug] [2018-07-31T03:38:53.387Z] >>> HTTP REQUEST GET https://cloudresourcemanager.googleapis.com/v1/projects/final-project-common-core  
  
 Mon Jul 30 2018 23:38:53 GMT-0400 (-04)
[debug] [2018-07-31T03:38:54.498Z] <<< HTTP RESPONSE 200
[info] 
[info] === Serving from '/Users/PaulaMontiel/Desktop/proyectos/scl-2018-01-ProyectoFinalCore'...
[info] 
[debug] [2018-07-31T03:38:54.502Z] >>> HTTP REQUEST GET https://mobilesdk-pa.googleapis.com/v1/projects/863736164635/clients/_:getWebAppConfig  
  
 Mon Jul 30 2018 23:38:54 GMT-0400 (-04)
[debug] [2018-07-31T03:38:55.738Z] <<< HTTP RESPONSE 200
[info] i  hosting: Serving hosting files from: public
[info] ✔  hosting: Local server: http://localhost:5000

